[debug] [2022-05-10T12:20:52.977Z] ----------------------------------------------------------------------
[debug] [2022-05-10T12:20:52.979Z] Command:       C:\Program Files\nodejs\node.exe C:\Users\kyslm\AppData\Roaming\npm\node_modules\firebase-tools\lib\bin\firebase.js init
[debug] [2022-05-10T12:20:52.979Z] CLI Version:   10.8.0
[debug] [2022-05-10T12:20:52.979Z] Platform:      win32
[debug] [2022-05-10T12:20:52.979Z] Node Version:  v16.14.0
[debug] [2022-05-10T12:20:52.980Z] Time:          Tue May 10 2022 13:20:52 GMT+0100 (British Summer Time)
[debug] [2022-05-10T12:20:52.980Z] ----------------------------------------------------------------------
[debug] 
[debug] [2022-05-10T12:20:52.983Z] >>> [apiv2][query] GET https://firebase-public.firebaseio.com/cli.json [none]
[debug] [2022-05-10T12:20:53.000Z] > command requires scopes: ["email","openid","https://www.googleapis.com/auth/cloudplatformprojects.readonly","https://www.googleapis.com/auth/firebase","https://www.googleapis.com/auth/cloud-platform"]
[debug] [2022-05-10T12:20:53.000Z] > authorizing via signed-in user (wulfgal@gmail.com)
[info] 
     ######## #### ########  ######## ########     ###     ######  ########
     ##        ##  ##     ## ##       ##     ##  ##   ##  ##       ##
     ######    ##  ########  ######   ########  #########  ######  ######
     ##        ##  ##    ##  ##       ##     ## ##     ##       ## ##
     ##       #### ##     ## ######## ########  ##     ##  ######  ########

You're about to initialize a Firebase project in this directory:

  C:\Users\kyslm\Code\Stories-in-Healthcare

[debug] [2022-05-10T12:20:53.466Z] <<< [apiv2][status] GET https://firebase-public.firebaseio.com/cli.json 200
[debug] [2022-05-10T12:20:53.466Z] <<< [apiv2][body] GET https://firebase-public.firebaseio.com/cli.json {"cloudBuildErrorAfter":1594252800000,"cloudBuildWarnAfter":1590019200000,"defaultNode10After":1594252800000,"minVersion":"3.0.5","node8DeploysDisabledAfter":1613390400000,"node8RuntimeDisabledAfter":1615809600000,"node8WarnAfter":1600128000000}
